2025-12-26 09:09:08,559 - INFO - Logging to file: logs/attackC_20251226_090908.log
2025-12-26 09:09:08,559 - INFO - ======================================================================================================================
2025-12-26 09:09:08,560 - INFO -  Lab Vuln - Wiener's Attack on RSA with small d
2025-12-26 09:09:08,585 - INFO - publickey: -----BEGIN PUBLIC KEY-----
MIIBHzANBgkqhkiG9w0BAQEFAAOCAQwAMIIBBwKBgQC8rWJU6Ards7Btb1Soxj9s
UwvHbC1lneSeaZFVCD+PNXAh0n4dYOxBAvIUq2wdxtD68LlnDALfSoCllporb+lF
heKXH/yausIYH4qeC0pIEDsNUDXy6PwTtChyI3tsQTJWcZYyOs77oKpAJYCxUARX
7AUt55UqSYIMkbGl4oyFFQKBgD14XoBgtAx2xvR6JUgYuKe07QT2bf/Uqx6RTNx5
sD1k6s2Yh/iHMEJcf9jze7EeTDj7Saxtg4AHlEsP0EzmVZ2qyuElfkaqr4i9wIOV
xovE/Zb8waq7T0t3NBeJ1vhv5iK+uKiMvUInRG/KtKitwbt6PTQPKft8wVfzc1Fn
Wjzt
-----END PUBLIC KEY-----
2025-12-26 09:09:08,586 - INFO - [*] Parsed public key: n bitlen=1024, e=43165836764713451942510732090867132516270778103221544173148201893074711591629068210406143791639546597450491311780845901260139232481725929913100109532267825105851006893053134061865608532196858108623290593653874570665268883722449244440766292298121936487377944691299254249695785392166736881280411444835444735213
2025-12-26 09:09:08,587 - INFO - [*] Running Wiener's attack ...
2025-12-26 09:09:08,588 - INFO - [+] Wiener success: d=35762473301029667651075128871031384765264546687383148440642715793424108603941
2025-12-26 09:09:08,603 - INFO - [+] Forged JWT:
eyJhbGciOiJSUzI1NiIsImtpZCI6ImxhYi12dWxuIiwidHlwIjoiSldUIn0.eyJleHAiOjE3NjY3NDM3NDgsImlhdCI6MTc2Njc0MDE0OCwicm9sZSI6ImFkbWluIiwic3ViIjoiYXR0YWNrZXIifQ.UUFADOXLwEZVM6dzTHj9z4BKSIua5q_usWApwWi8UkbSuy4wRiBmpSvqfvr3sd146ZZYTn_s82IvHvHgj1N6kvutmDMKmTrXgz5LIyV5eaWxmOCh21gxclhbihIkA28S0NUqf5OcSZAIYxJjgbDB2oIzdH3Yf6k1GTcVlxE4X6Y
2025-12-26 09:09:08,604 - INFO - [+] Verified local signature OK
2025-12-26 09:09:08,604 - INFO - [*] Trying admin endpoint (via cookie): http://http_server_c:8000/admin
2025-12-26 09:09:08,608 - INFO - [*] /admin returned HTTP 200:
2025-12-26 09:09:08,608 - INFO - {
  "flag": "FLAG{weiner_attack_with_jwt}",
  "message": "Welcome, admin!",
  "ok": true,
  "payload": {
    "exp": 1766743748,
    "iat": 1766740148,
    "role": "admin",
    "sub": "attacker"
  },
  "role": "admin"
}
2025-12-26 09:09:08,609 - INFO - [*] Complete. Total elapsed: 0.023s
2025-12-26 09:09:08,609 - INFO - ======================================================================================================================
2025-12-26 09:09:08,609 - INFO -  Lab Patched - Wiener's Attack on RSA with small d
2025-12-26 09:09:08,612 - INFO - publickey: -----BEGIN PUBLIC KEY-----
MIIBIjANBgkqhkiG9w0BAQEFAAOCAQ8AMIIBCgKCAQEAgghXm6Y3utVFMBOqzDDD
KZ3uOkErtjaxBNCODzFwRCJ5KYxFbS/ZTOW3hWTa2B4iG3cBvH7RVtQjJVPdyOkx
mDipWaSKHrgUicdqogmEycqJcW1aU+tbnIyhonhn7lPRnIwSH5YUfYu28hdXK5v8
lhXkGET6ZjYwGTBbnpVzNxYU+yLLoONxcTF+fFW1fT0Ypl0Vu2m4Kcq3Y+/++Dd0
hJHYCz1MqE0jVRyxJC4kdOv2fCuhJeBFjSKgl94hNPDbspAyE2dJq+UzR4CukU23
eFKALJuIvT2Wq46z6GXD5Y3RFIrgHCll5oycoSBtUqCvRKFyXiq4zuhfA4yM3RQS
mQIDAQAB
-----END PUBLIC KEY-----
2025-12-26 09:09:08,613 - INFO - [*] Parsed public key: n bitlen=2048, e=65537
2025-12-26 09:09:08,613 - INFO - [*] Running Wiener's attack ...
2025-12-26 09:09:08,613 - INFO - No weak d found.
