2025-12-26 04:25:21,926 - INFO - Logging to file: logs/attackC_20251226_042521.log
2025-12-26 04:25:21,962 - INFO - publickey: -----BEGIN PUBLIC KEY-----
MIIBHzANBgkqhkiG9w0BAQEFAAOCAQwAMIIBBwKBgQCZZDzAPEi1zGXnLss7689O
jN2xn5nZaFHa+zpEjudUE8PV8z2CMO87bfc1FtxAXiwjCYBd0mg7HtGLmXc8yLDo
2opjeEINjE5ostBISkwxCAC7JwhMOX1p4qGP68Y8uZSsfK5lEjout4PTNaVF3Lkn
fTVmLY9RHH4V3Kw4GkE7qQKBgHOut5GSIWRl6JjaqYDusv9113IbuyPv1K7SjGF9
3DaFOxg9lLnJCdaBNGj3m8aYRpdk0AeSOZFib1SfLadAWaLYrp28oHp2enMQKSWX
Dw0k+DtsiEYIMkkWXCCozhsSH52ef5H38yBnxwZ0Wv+HdLVSUepyFgVAHbXtJ8v/
izcV
-----END PUBLIC KEY-----
2025-12-26 04:25:21,963 - INFO - [*] Parsed public key: n bitlen=1024, e=81235006040363234910908045432173744293761617869693494166276910949244015246331336375976219807871236314307662062052546796739725049971632424758744331653044410358719326820847325486225226351244215663366492976193524747561733843777566662624480410860325200127488467284080270957925865016099669223402551327053620918037
2025-12-26 04:25:21,963 - INFO - [*] Running Wiener's attack ...
2025-12-26 04:25:21,964 - INFO - [+] Wiener success: d=25468846017754393878723181695299858629871185966792762059354871098927312799973
2025-12-26 04:25:21,978 - INFO - [+] Forged JWT:
eyJhbGciOiJSUzI1NiIsInR5cCI6IkpXVCJ9.eyJleHAiOjE3NjY3MjY3MjEsImlhdCI6MTc2NjcyMzEyMSwicm9sZSI6ImFkbWluIiwic3ViIjoiYXR0YWNrZXIifQ.FCv7-BiZnKvMCTJAaHlQ06r5d-lJQUtYvc_PxUguiRXcPyEX2UJgxqhBD_g8wWSN274SDtb4IUibwQJzj2nDL1nmGlbmlW97iw1duY3m_eJiHzAmXKXQL5e0HD1S21T9C6WlYZa5kGver-4ygUbe_SAfa4F6ek_aX1WMEvzq7gE
2025-12-26 04:25:21,979 - INFO - [+] Verified local signature OK
2025-12-26 04:25:21,979 - INFO - [*] Trying admin endpoint (via cookie): http://http_server_c:8000/admin
2025-12-26 04:25:21,983 - INFO - [*] /admin returned HTTP 200:
2025-12-26 04:25:21,984 - INFO - {
  "flag": "FLAG{weiner_attack_with_jwt}",
  "message": "Welcome, admin!",
  "ok": true,
  "payload": {
    "exp": 1766726721,
    "iat": 1766723121,
    "role": "admin",
    "sub": "attacker"
  },
  "role": "admin"
}
2025-12-26 04:25:21,984 - INFO - [*] Complete. Total elapsed: 0.022s
