2025-12-26 03:33:38,946 - INFO - Logging to file: logs/attackC_20251226_033338.log
2025-12-26 03:33:38,946 - INFO - [*] Fetching public key from: http://http_server_c:8000/public.pem
2025-12-26 03:33:38,987 - INFO - [*] Parsed public key: n bitlen=1024, e=81235006040363234910908045432173744293761617869693494166276910949244015246331336375976219807871236314307662062052546796739725049971632424758744331653044410358719326820847325486225226351244215663366492976193524747561733843777566662624480410860325200127488467284080270957925865016099669223402551327053620918037
2025-12-26 03:33:38,988 - INFO - [*] Running Wiener's attack ...
2025-12-26 03:33:38,989 - INFO - [+] Wiener success: d=25468846017754393878723181695299858629871185966792762059354871098927312799973
2025-12-26 03:33:39,003 - INFO - [+] Forged JWT:
eyJhbGciOiJSUzI1NiIsInR5cCI6IkpXVCJ9.eyJleHAiOjE3NjY3MjM2MTgsImlhdCI6MTc2NjcyMDAxOCwicm9sZSI6ImFkbWluIiwic3ViIjoiYXR0YWNrZXIifQ.PJuxE62mQbJZlMFzO88Nj_zrDhDjn-tpcnGoVNkPDCSrBv2Bl4Wne1h_X0_nUojN-MYlEfYbEfrMdXF6OnCW5eiwHP_Ioh3qrbuhWjwEbEz8Mv3psByHdlnv55Ap85Dwy7xQZyxSrV6oOFLqoGGt8VmzyKpbyiHhWofFltT6wXg
2025-12-26 03:33:39,004 - INFO - [+] Verified local signature OK
2025-12-26 03:33:39,005 - INFO - [*] Trying admin endpoint (via cookie): http://http_server_c:8000/admin
2025-12-26 03:33:39,033 - INFO - [*] /admin returned HTTP 200:
2025-12-26 03:33:39,034 - INFO - {
  "flag": "FLAG{weiner_attack_with_jwt}",
  "message": "Welcome, admin!",
  "ok": true,
  "payload": {
    "exp": 1766723618,
    "iat": 1766720018,
    "role": "admin",
    "sub": "attacker"
  },
  "role": "admin"
}
2025-12-26 03:33:39,034 - INFO - [*] Complete. Total elapsed: 0.087s
