2025-12-26 03:51:17,325 - INFO - Logging to file: logs/attackC_20251226_035117.log
2025-12-26 03:51:17,325 - INFO - [*] Fetching public key from: http://http_server_c:8000/public.pem
2025-12-26 03:51:17,357 - INFO - [*] Parsed public key: n bitlen=1024, e=81235006040363234910908045432173744293761617869693494166276910949244015246331336375976219807871236314307662062052546796739725049971632424758744331653044410358719326820847325486225226351244215663366492976193524747561733843777566662624480410860325200127488467284080270957925865016099669223402551327053620918037
2025-12-26 03:51:17,357 - INFO - [*] Running Wiener's attack ...
2025-12-26 03:51:17,359 - INFO - [+] Wiener success: d=25468846017754393878723181695299858629871185966792762059354871098927312799973
2025-12-26 03:51:17,372 - INFO - [+] Forged JWT:
eyJhbGciOiJSUzI1NiIsInR5cCI6IkpXVCJ9.eyJleHAiOjE3NjY3MjQ2NzcsImlhdCI6MTc2NjcyMTA3Nywicm9sZSI6ImFkbWluIiwic3ViIjoiYXR0YWNrZXIifQ.CUKQzN0UvzhyD2fH4hcZaJy9ja7tlbiQ-u73pZ60PCdO6IYZ4kF6NSISzAWggcLbM8Q3W_GC2_LlPpGzerODIZstGYAjxwvmvQB7bhxRwpscTb0LNM5luBqL8b_jmEs7lM6ux9CZmacSPGpV2fNhyALrlOdER64jkqxH5eXshWE
2025-12-26 03:51:17,373 - INFO - [+] Verified local signature OK
2025-12-26 03:51:17,373 - INFO - [*] Trying admin endpoint (via cookie): http://http_server_c:8000/admin
2025-12-26 03:51:17,386 - INFO - [*] /admin returned HTTP 200:
2025-12-26 03:51:17,386 - INFO - {
  "flag": "FLAG{weiner_attack_with_jwt}",
  "message": "Welcome, admin!",
  "ok": true,
  "payload": {
    "exp": 1766724677,
    "iat": 1766721077,
    "role": "admin",
    "sub": "attacker"
  },
  "role": "admin"
}
2025-12-26 03:51:17,387 - INFO - [*] Complete. Total elapsed: 0.061s
