2025-12-25 09:55:59,938 - INFO - Logging to file: logs/attackC_20251225_095559.log
2025-12-25 09:55:59,938 - INFO - [*] Fetching public key from: http://http_server_c:8000/public.pem
2025-12-25 09:55:59,968 - INFO - [*] Parsed public key: n bitlen=1024, e=81235006040363234910908045432173744293761617869693494166276910949244015246331336375976219807871236314307662062052546796739725049971632424758744331653044410358719326820847325486225226351244215663366492976193524747561733843777566662624480410860325200127488467284080270957925865016099669223402551327053620918037
2025-12-25 09:55:59,968 - INFO - [*] Running Wiener's attack ...
2025-12-25 09:55:59,969 - INFO - [+] Wiener success: d=25468846017754393878723181695299858629871185966792762059354871098927312799973
2025-12-25 09:55:59,984 - INFO - [+] Forged JWT:
eyJhbGciOiJSUzI1NiIsInR5cCI6IkpXVCJ9.eyJleHAiOjE3NjY2NjAxNTksImlhdCI6MTc2NjY1NjU1OSwicm9sZSI6ImFkbWluIiwic3ViIjoiYXR0YWNrZXIifQ.Dnzu9m0lvXzMWEsxkeKxiGvnmBc9RyezSAx1USR8XxTqTgldrelEqSZdqPbW3iKrIvUo-tAxGhRhsCo1oV-oehVPLidtBbtmcblybFVhGFW58zY7-bpdLineU3i8OBd3BHWjykxQHsoitclVkB9q9li52KaQl_6c50vjrhnRKUY
2025-12-25 09:55:59,985 - INFO - [+] Verified local signature OK
2025-12-25 09:55:59,985 - INFO - [*] Trying admin endpoint (via cookie): http://http_server_c:8000/admin
2025-12-25 09:55:59,994 - INFO - [*] /admin returned HTTP 200:
2025-12-25 09:55:59,995 - INFO - {
  "flag": "FLAG{weiner_attack_with_jwt}",
  "message": "Welcome, admin!",
  "ok": true,
  "payload": {
    "exp": 1766660159,
    "iat": 1766656559,
    "role": "admin",
    "sub": "attacker"
  },
  "role": "admin"
}
2025-12-25 09:55:59,995 - INFO - [*] Complete. Total elapsed: 0.057s
