2025-12-24 21:16:53,687 - INFO - Logging to file: logs/attackC_20251224_211653.log
2025-12-24 21:16:53,687 - INFO - [*] Fetching public key from: http://http_server_c:8000/public.pem
2025-12-24 21:16:53,707 - INFO - [*] Parsed public key: n bitlen=1024, e=81235006040363234910908045432173744293761617869693494166276910949244015246331336375976219807871236314307662062052546796739725049971632424758744331653044410358719326820847325486225226351244215663366492976193524747561733843777566662624480410860325200127488467284080270957925865016099669223402551327053620918037
2025-12-24 21:16:53,707 - INFO - [*] Running Wiener's attack ...
2025-12-24 21:16:53,709 - INFO - [+] Wiener success: d=25468846017754393878723181695299858629871185966792762059354871098927312799973
2025-12-24 21:16:53,723 - INFO - [+] Forged JWT:
eyJhbGciOiJSUzI1NiIsInR5cCI6IkpXVCJ9.eyJleHAiOjE3NjY2MTQ2MTMsImlhdCI6MTc2NjYxMTAxMywicm9sZSI6ImFkbWluIiwic3ViIjoiYXR0YWNrZXIifQ.ETAOW8FerYCov-LfO8tkcds87NnInXnR2tMY4cXOMT9dn97tfY9Wea7_0kAQQYcpGe_kHrCE3xCa-nzamTDun-rniE8T3EsEX-CfFQGHaIuCjVydpSxzyl1xX7ObVOH7pWEU42CEye0_52D3ryXTG3RD_TEZTOoG3df9NHVcVvE
2025-12-24 21:16:53,724 - INFO - [+] Verified local signature OK
2025-12-24 21:16:53,724 - INFO - [*] Trying admin endpoint (via cookie): http://http_server_c:8000/admin
2025-12-24 21:16:53,729 - INFO - [*] /admin returned HTTP 200:
2025-12-24 21:16:53,729 - INFO - {
  "flag": "FLAG{weiner_attack_with_jwt}",
  "message": "Welcome, admin!",
  "ok": true,
  "payload": {
    "exp": 1766614613,
    "iat": 1766611013,
    "role": "admin",
    "sub": "attacker"
  },
  "role": "admin"
}
2025-12-24 21:16:53,729 - INFO - [*] Complete. Total elapsed: 0.042s
